<?xml version="1.0" encoding="UTF-8"?>
<!-- Generated by org.testng.reporters.JUnitReportReporter -->
<testsuite hostname="DESKTOP-OUT1J96" failures="0" tests="5" name="com.project.CMSC495.GetterSetterTesting" time="0.007" errors="0" timestamp="24 Nov 2021 22:43:23 GMT">
  <testcase classname="com.project.CMSC495.GetterSetterTesting" name="idTest" time="0.000"/>
  <testcase classname="com.project.CMSC495.GetterSetterTesting" name="providerTest" time="0.001"/>
  <testcase classname="com.project.CMSC495.GetterSetterTesting" name="emailTest" time="0.001"/>
  <testcase classname="com.project.CMSC495.GetterSetterTesting" name="channelTest" time="0.005"/>
  <testcase classname="com.project.CMSC495.GetterSetterTesting" name="nameTest" time="0.000"/>
</testsuite> <!-- com.project.CMSC495.GetterSetterTesting -->
